[2026-03-24 15:50:50] [INFO] ================================================================================
[2026-03-24 15:50:55] [INFO] 🚀 智能告警修复流程启动
[2026-03-24 15:51:00] [INFO] ================================================================================
[2026-03-24 15:51:04] [INFO] === 步骤1: 扫描告警 ===
[2026-03-24 15:51:10] [INFO] 发现 2 条告警
[2026-03-24 15:51:14] [INFO] === 步骤2: 发送告警到OpenClaw ===
[2026-03-24 15:51:48] [INFO] === 步骤3: 提取告警中的表名 ===
[2026-03-24 15:51:53] [INFO] 提取到 2 个唯一表名
[2026-03-24 15:51:58] [INFO] === 步骤4: 查找表对应的工作流 ===
[2026-03-24 15:52:03] [INFO] 表 dwd_asset_account_repay -> 工作流 国内-数仓工作流(D-1)
[2026-03-24 15:52:08] [WARN] 表 ods_qsq_erp_account_repay 未找到对应工作流
[2026-03-24 15:52:13] [INFO] 已保存表-工作流映射到: /home/node/.openclaw/workspace/auto_repair_logs/2026-03-24/table_workflow_mapping.json
[2026-03-24 15:52:17] [INFO] === 步骤5: 执行修复工作流 ===
[2026-03-24 15:52:22] [INFO] 共 1 个不同工作流需要执行
[2026-03-24 15:52:27] [INFO] === 检查工作流运行状态 ===
[2026-03-24 15:52:32] [INFO] 工作流状态: 空闲
[2026-03-24 15:52:37] [INFO] 启动修复任务: dwd_asset_account_repay (并行: 1/2)
[2026-03-24 15:52:42] [INFO] 启动工作流: 国内-数仓工作流(D-1) (表: dwd_asset_account_repay, dt: 2026-03-23)
[2026-03-24 15:52:52] [ERROR] 工作流启动失败: Traceback (most recent call last):
  File "/home/node/.openclaw/workspace/dolphinscheduler/dolphinscheduler_api.py", line 17, in <module>
    import requests
ModuleNotFoundError: No module named 'requests'

[2026-03-24 15:52:58] [INFO] 修复完成: 成功 0, 失败 1
[2026-03-24 15:53:03] [INFO] === 步骤6: 执行复验脚本 ===
[2026-03-24 15:53:13] [INFO] 复验脚本执行完成
[2026-03-24 15:53:18] [INFO] === 步骤7: 验证修复结果 ===
[2026-03-24 15:53:23] [INFO] 修复成功: 0 个表
[2026-03-24 15:53:28] [INFO] 仍然失败: 2 个表
[2026-03-24 15:53:33] [INFO] === 发送修复结果到群里 ===
[2026-03-24 15:53:42] [INFO] 结果已发送到群里
[2026-03-24 15:53:47] [INFO] ================================================================================
